[36m--[0m Using CATKIN_DEVEL_PREFIX: /home/xipiter/catkin_ws/devel/.private/uas
[36m--[0m Using CMAKE_PREFIX_PATH: /home/xipiter/catkin_ws/devel;/opt/ros/noetic
[36m--[0m This workspace overlays: /home/xipiter/catkin_ws/devel;/opt/ros/noetic
[36m--[0m Found PythonInterp: /usr/bin/python3 (found suitable version "3.8.10", minimum required is "3")
[36m--[0m Using PYTHON_EXECUTABLE: /usr/bin/python3
[36m--[0m Using Debian Python package layout
[36m--[0m Using empy: /home/xipiter/.local/lib/python3.8/site-packages/em.py
[36m--[0m Using CATKIN_ENABLE_TESTING: ON
[36m--[0m Call enable_testing()
[36m--[0m Using CATKIN_TEST_RESULTS_DIR: /home/xipiter/catkin_ws/build/uas/test_results
[36m--[0m Forcing gtest/gmock from source, though one was otherwise available.
[36m--[0m Found gtest sources under '/usr/src/googletest': gtests will be built
[36m--[0m Found gmock sources under '/usr/src/googletest': gmock will be built
[36m--[0m Found PythonInterp: /usr/bin/python3 (found version "3.8.10")
[36m--[0m Using Python nosetests: /usr/bin/nosetests3
[36m--[0m catkin 0.8.10
[36m--[0m BUILD_SHARED_LIBS is on
[31m[1mCMake Error[0m at /home/xipiter/catkin_ws/src/uas/CMakeLists.txt:37 (target_link_libraries):
  Cannot specify link libraries for target "uas_arm" which is not built by
  this project.


[36m--[0m Configuring incomplete, errors occurred!
See also "/home/xipiter/catkin_ws/build/uas/CMakeFiles/CMakeOutput.log".
See also "/home/xipiter/catkin_ws/build/uas/CMakeFiles/CMakeError.log".
make: *** [Makefile:574: cmake_check_build_system] Error 1
